#
# A fatal error has been detected by the Java Runtime Environment:
#
#  SIGSEGV (0xb) at pc=0x00007f0e299de03d, pid=92785, tid=105106
#
# JRE version: OpenJDK Runtime Environment (16.0.1+9) (build 16.0.1+9-Ubuntu-120.04)
# Java VM: OpenJDK 64-Bit Server VM (16.0.1+9-Ubuntu-120.04, mixed mode, sharing, tiered, compressed oops, compressed class ptrs, g1 gc, linux-amd64)
# Problematic frame:
# C  [libjimage.so+0x303d]
#
# No core dump will be written. Core dumps have been disabled. To enable core dumping, try "ulimit -c unlimited" before starting Java again
#
# If you would like to submit a bug report, please visit:
#   Unknown
#

---------------  S U M M A R Y ------------

Command Line: -Dfile.encoding=UTF-8 -XX:+ShowCodeDetailsInExceptionMessages corsiPak.GUICorsi

Host: Intel(R) Core(TM) i5-6200U CPU @ 2.30GHz, 4 cores, 7G, elementary OS 6 Jólnir
Time: Fri Oct 28 22:57:01 2022 CEST elapsed time: 14358.677301 seconds (0d 3h 59m 18s)

---------------  T H R E A D  ---------------

Current thread (0x00007f0d94000d10):  JavaThread "XToolkt-Shutdown-Thread" [_thread_in_vm, id=105106, stack(0x00007f0dbd2ff000,0x00007f0dbd400000)]

Stack: [0x00007f0dbd2ff000,0x00007f0dbd400000],  sp=0x00007f0dbd3fc620,  free space=1013k
Native frames: (J=compiled Java code, A=aot compiled Java code, j=interpreted, Vv=VM code, C=native code)
C  [libjimage.so+0x303d]
C  [libjimage.so+0x3c32]
C  [libjimage.so+0x4121]  JIMAGE_FindResource+0xf1
V  [libjvm.so+0x594c95]
V  [libjvm.so+0x599153]
V  [libjvm.so+0xe5c7df]
V  [libjvm.so+0xe5b562]
V  [libjvm.so+0xe5bb4a]
V  [libjvm.so+0x5896f8]
V  [libjvm.so+0x58fb08]
V  [libjvm.so+0x590901]
V  [libjvm.so+0xa62b98]
V  [libjvm.so+0x5991ca]
V  [libjvm.so+0xe5c7df]
V  [libjvm.so+0xe5b562]
V  [libjvm.so+0xe5d966]
V  [libjvm.so+0x60a530]
V  [libjvm.so+0xa92b1a]
V  [libjvm.so+0xa993f6]
V  [libjvm.so+0x837285]
V  [libjvm.so+0x8377cb]
j  sun.awt.X11.XToolkit.lambda$init$1()V+0 java.desktop@16.0.1
j  sun.awt.X11.XToolkit$$Lambda$11+0x0000000800c79998.run()V+4 java.desktop@16.0.1
j  java.lang.Thread.run()V+11 java.base@16.0.1
v  ~StubRoutines::call_stub
V  [libjvm.so+0x83c425]
V  [libjvm.so+0x83dbb3]
V  [libjvm.so+0x8f89a4]
V  [libjvm.so+0xea8a5b]
V  [libjvm.so+0xead721]
V  [libjvm.so+0xc290af]

Java frames: (J=compiled Java code, j=interpreted, Vv=VM code)
j  sun.awt.X11.XToolkit.lambda$init$1()V+0 java.desktop@16.0.1
j  sun.awt.X11.XToolkit$$Lambda$11+0x0000000800c79998.run()V+4 java.desktop@16.0.1
j  java.lang.Thread.run()V+11 java.base@16.0.1
v  ~StubRoutines::call_stub

siginfo: si_signo: 11 (SIGSEGV), si_code: 1 (SEGV_MAPERR), si_addr: 0x00007f0e172cabb8

Register to memory mapping:

RAX=0x00000000000076e7 is an unknown value
RBX=0x00007f0dbd3fc6d1 is pointing into the stack for thread: 0x00007f0d94000d10
RCX=0x00007f0dbd3fc6f5 is pointing into the stack for thread: 0x00007f0d94000d10
RDX=0x00000000000076e7 is an unknown value
RSP=0x00007f0dbd3fc620 is pointing into the stack for thread: 0x00007f0d94000d10
RBP=0x00007f0dbd3fc640 is pointing into the stack for thread: 0x00007f0d94000d10
RSI=0x0 is NULL
RDI=0x00007f0e299e3010: <offset 0x0000000000008010> in /usr/lib/jvm/java-16-openjdk-amd64/lib/libjimage.so at 0x00007f0e299db000
R8 =0x00007f0e172ad01c is an unknown value
R9 =0x00007f0d94001cd0 points into unknown readable memory: 0x0000000000000003 | 03 00 00 00 00 00 00 00
R10=0x0000000000000031 is an unknown value
R11=0x00007f0dbd3fd858 is pointing into the stack for thread: 0x00007f0d94000d10
R12=0x0000000000008200 is an unknown value
R13=0x00007f0dbd3fc6d0 is pointing into the stack for thread: 0x00007f0d94000d10
R14=0x0 is NULL
R15=0x00007f0dc808f190 points into unknown readable memory: 0x7477612f6176616a | 6a 61 76 61 2f 61 77 74


Registers:
RAX=0x00000000000076e7, RBX=0x00007f0dbd3fc6d1, RCX=0x00007f0dbd3fc6f5, RDX=0x00000000000076e7
RSP=0x00007f0dbd3fc620, RBP=0x00007f0dbd3fc640, RSI=0x0000000000000000, RDI=0x00007f0e299e3010
R8 =0x00007f0e172ad01c, R9 =0x00007f0d94001cd0, R10=0x0000000000000031, R11=0x00007f0dbd3fd858
R12=0x0000000000008200, R13=0x00007f0dbd3fc6d0, R14=0x0000000000000000, R15=0x00007f0dc808f190
RIP=0x00007f0e299de03d, EFLAGS=0x0000000000010246, CSGSFS=0x002b000000000033, ERR=0x0000000000000004
  TRAPNO=0x000000000000000e

Top of Stack: (sp=0x00007f0dbd3fc620)
0x00007f0dbd3fc620:   0000000000000000 00007f0dbd3fd758
0x00007f0dbd3fc630:   00007f0e200029d0 00007f0dbd3fc6d0
0x00007f0dbd3fc640:   00007f0dbd3fc6b0 00007f0e299dec32
0x00007f0dbd3fc650:   0000000000000000 0000000000000000 

Instructions: (pc=0x00007f0e299de03d)
0x00007f0e299ddf3d:   f3 ff ff 44 03 65 90 e9 3f fe ff ff 0f 1f 80 00
0x00007f0e299ddf4d:   00 00 00 41 8b 10 41 89 55 00 41 8b 54 00 fc 41
0x00007f0e299ddf5d:   89 54 05 fc e9 82 fc ff ff 66 2e 0f 1f 84 00 00
0x00007f0e299ddf6d:   00 00 00 b9 0a 00 00 00 e9 f0 fc ff ff 41 0f b7
0x00007f0e299ddf7d:   54 00 fe 66 41 89 54 05 fe e9 5d fc ff ff 0f 1f
0x00007f0e299ddf8d:   44 00 00 f3 0f 1e fa 0f b6 17 89 f0 89 f1 4c 8d
0x00007f0e299ddf9d:   47 01 84 d2 74 1c 0f 1f 44 00 00 69 c9 93 01 00
0x00007f0e299ddfad:   01 49 83 c0 01 31 d1 41 0f